[debug] [2024-10-04T10:02:55.712Z] ----------------------------------------------------------------------
[debug] [2024-10-04T10:02:55.714Z] Command:       /usr/bin/node /usr/local/bin/firebase deploy
[debug] [2024-10-04T10:02:55.715Z] CLI Version:   13.20.2
[debug] [2024-10-04T10:02:55.715Z] Platform:      linux
[debug] [2024-10-04T10:02:55.715Z] Node Version:  v18.19.1
[debug] [2024-10-04T10:02:55.715Z] Time:          Fri Oct 04 2024 12:02:55 GMT+0200 (Central European Summer Time)
[debug] [2024-10-04T10:02:55.715Z] ----------------------------------------------------------------------
[debug] 
[debug] [2024-10-04T10:02:55.785Z] > command requires scopes: ["email","openid","https://www.googleapis.com/auth/cloudplatformprojects.readonly","https://www.googleapis.com/auth/firebase","https://www.googleapis.com/auth/cloud-platform"]
[debug] [2024-10-04T10:02:55.785Z] > authorizing via signed-in user (ingenskavaraensam@gmail.com)
[debug] [2024-10-04T10:02:55.785Z] [iam] checking project ingenskavaraensam-a091e for permissions ["cloudfunctions.functions.create","cloudfunctions.functions.delete","cloudfunctions.functions.get","cloudfunctions.functions.list","cloudfunctions.functions.update","cloudfunctions.operations.get","cloudsql.databases.create","cloudsql.databases.update","cloudsql.instances.connect","cloudsql.instances.create","cloudsql.instances.get","cloudsql.instances.list","cloudsql.instances.update","cloudsql.users.create","datastore.indexes.create","datastore.indexes.delete","datastore.indexes.list","datastore.indexes.update","firebase.projects.get","firebasedataconnect.connectors.create","firebasedataconnect.connectors.delete","firebasedataconnect.connectors.list","firebasedataconnect.connectors.update","firebasedataconnect.operations.get","firebasedataconnect.schemas.create","firebasedataconnect.schemas.delete","firebasedataconnect.schemas.list","firebasedataconnect.schemas.update","firebasedataconnect.services.create","firebasedataconnect.services.delete","firebasedataconnect.services.list","firebasedataconnect.services.update","firebasehosting.sites.update","firebaserules.releases.create","firebaserules.releases.update","firebaserules.rulesets.create"]
[debug] [2024-10-04T10:02:55.786Z] Checked if tokens are valid: true, expires at: 1728037977900
[debug] [2024-10-04T10:02:55.787Z] Checked if tokens are valid: true, expires at: 1728037977900
[debug] [2024-10-04T10:02:55.788Z] >>> [apiv2][query] POST https://cloudresourcemanager.googleapis.com/v1/projects/ingenskavaraensam-a091e:testIamPermissions [none]
[debug] [2024-10-04T10:02:55.788Z] >>> [apiv2][(partial)header] POST https://cloudresourcemanager.googleapis.com/v1/projects/ingenskavaraensam-a091e:testIamPermissions x-goog-quota-user=projects/ingenskavaraensam-a091e
[debug] [2024-10-04T10:02:55.788Z] >>> [apiv2][body] POST https://cloudresourcemanager.googleapis.com/v1/projects/ingenskavaraensam-a091e:testIamPermissions {"permissions":["cloudfunctions.functions.create","cloudfunctions.functions.delete","cloudfunctions.functions.get","cloudfunctions.functions.list","cloudfunctions.functions.update","cloudfunctions.operations.get","cloudsql.databases.create","cloudsql.databases.update","cloudsql.instances.connect","cloudsql.instances.create","cloudsql.instances.get","cloudsql.instances.list","cloudsql.instances.update","cloudsql.users.create","datastore.indexes.create","datastore.indexes.delete","datastore.indexes.list","datastore.indexes.update","firebase.projects.get","firebasedataconnect.connectors.create","firebasedataconnect.connectors.delete","firebasedataconnect.connectors.list","firebasedataconnect.connectors.update","firebasedataconnect.operations.get","firebasedataconnect.schemas.create","firebasedataconnect.schemas.delete","firebasedataconnect.schemas.list","firebasedataconnect.schemas.update","firebasedataconnect.services.create","firebasedataconnect.services.delete","firebasedataconnect.services.list","firebasedataconnect.services.update","firebasehosting.sites.update","firebaserules.releases.create","firebaserules.releases.update","firebaserules.rulesets.create"]}
[debug] [2024-10-04T10:02:56.110Z] <<< [apiv2][status] POST https://cloudresourcemanager.googleapis.com/v1/projects/ingenskavaraensam-a091e:testIamPermissions 200
[debug] [2024-10-04T10:02:56.110Z] <<< [apiv2][body] POST https://cloudresourcemanager.googleapis.com/v1/projects/ingenskavaraensam-a091e:testIamPermissions {"permissions":["cloudfunctions.functions.create","cloudfunctions.functions.delete","cloudfunctions.functions.get","cloudfunctions.functions.list","cloudfunctions.functions.update","cloudfunctions.operations.get","cloudsql.databases.create","cloudsql.databases.update","cloudsql.instances.connect","cloudsql.instances.create","cloudsql.instances.get","cloudsql.instances.list","cloudsql.instances.update","cloudsql.users.create","datastore.indexes.create","datastore.indexes.delete","datastore.indexes.list","datastore.indexes.update","firebase.projects.get","firebasedataconnect.connectors.create","firebasedataconnect.connectors.delete","firebasedataconnect.connectors.list","firebasedataconnect.connectors.update","firebasedataconnect.operations.get","firebasedataconnect.schemas.create","firebasedataconnect.schemas.delete","firebasedataconnect.schemas.list","firebasedataconnect.schemas.update","firebasedataconnect.services.create","firebasedataconnect.services.delete","firebasedataconnect.services.list","firebasedataconnect.services.update","firebasehosting.sites.update","firebaserules.releases.create","firebaserules.releases.update","firebaserules.rulesets.create"]}
[debug] [2024-10-04T10:02:56.110Z] Checked if tokens are valid: true, expires at: 1728037977900
[debug] [2024-10-04T10:02:56.110Z] Checked if tokens are valid: true, expires at: 1728037977900
[debug] [2024-10-04T10:02:56.111Z] >>> [apiv2][query] POST https://iam.googleapis.com/v1/projects/ingenskavaraensam-a091e/serviceAccounts/ingenskavaraensam-a091e@appspot.gserviceaccount.com:testIamPermissions [none]
[debug] [2024-10-04T10:02:56.111Z] >>> [apiv2][body] POST https://iam.googleapis.com/v1/projects/ingenskavaraensam-a091e/serviceAccounts/ingenskavaraensam-a091e@appspot.gserviceaccount.com:testIamPermissions {"permissions":["iam.serviceAccounts.actAs"]}
[debug] [2024-10-04T10:02:56.948Z] <<< [apiv2][status] POST https://iam.googleapis.com/v1/projects/ingenskavaraensam-a091e/serviceAccounts/ingenskavaraensam-a091e@appspot.gserviceaccount.com:testIamPermissions 200
[debug] [2024-10-04T10:02:56.948Z] <<< [apiv2][body] POST https://iam.googleapis.com/v1/projects/ingenskavaraensam-a091e/serviceAccounts/ingenskavaraensam-a091e@appspot.gserviceaccount.com:testIamPermissions {"permissions":["iam.serviceAccounts.actAs"]}
[debug] [2024-10-04T10:02:56.949Z] Checked if tokens are valid: true, expires at: 1728037977900
[debug] [2024-10-04T10:02:56.949Z] Checked if tokens are valid: true, expires at: 1728037977900
[debug] [2024-10-04T10:02:56.949Z] >>> [apiv2][query] GET https://firebase.googleapis.com/v1beta1/projects/ingenskavaraensam-a091e [none]
[debug] [2024-10-04T10:02:57.268Z] <<< [apiv2][status] GET https://firebase.googleapis.com/v1beta1/projects/ingenskavaraensam-a091e 200
[debug] [2024-10-04T10:02:57.268Z] <<< [apiv2][body] GET https://firebase.googleapis.com/v1beta1/projects/ingenskavaraensam-a091e {"projectId":"ingenskavaraensam-a091e","projectNumber":"768083781048","displayName":"ingenskavaraensam","name":"projects/ingenskavaraensam-a091e","resources":{"hostingSite":"ingenskavaraensam-a091e"},"state":"ACTIVE","etag":"1_715d2b57-2281-4915-9264-e09f941adc3c"}
[debug] [2024-10-04T10:02:57.269Z] Specified "public" directory "public" does not exist; Deploy to Hosting site "ingenskavaraensam-a091e" may fail or be empty.
[info] 
[info] === Deploying to 'ingenskavaraensam-a091e'...
[info] 
[info] i  deploying storage, firestore, functions, hosting, dataconnect 
[info] Running command: npm --prefix ../ run preview
